INFO [2019-02-27 15:01:34] [[1]]
INFO [2019-02-27 15:01:34] taxa_selected
INFO [2019-02-27 15:01:34] 
INFO [2019-02-27 15:01:34] [[2]]
INFO [2019-02-27 15:01:34] NULL
INFO [2019-02-27 15:01:34] 
INFO [2019-02-27 15:01:34] $fill
INFO [2019-02-27 15:01:34] c("magenta", "blue", "lightblue")
INFO [2019-02-27 15:01:34] 
INFO [2019-02-27 15:01:34] $alpha
INFO [2019-02-27 15:01:34] c(0.5, 0.5, 0.5)
INFO [2019-02-27 15:01:34] 
INFO [2019-02-27 15:01:34] $cex
INFO [2019-02-27 15:01:34] [1] 2
INFO [2019-02-27 15:01:34] 
INFO [2019-02-27 15:01:34] $cat.fontface
INFO [2019-02-27 15:01:34] [1] 4
INFO [2019-02-27 15:01:34] 
INFO [2019-02-27 15:01:34] $category.names
INFO [2019-02-27 15:01:34] c("clr+lasso", "coda-lasso", "selbal")
INFO [2019-02-27 15:01:34] 
INFO [2019-02-27 15:01:34] $main
INFO [2019-02-27 15:01:34] [1] "Concordance of selected taxa for Crohn data"
INFO [2019-02-27 15:01:34] 
