INFO [2019-02-27 15:02:02] [[1]]
INFO [2019-02-27 15:02:02] taxa_selected
INFO [2019-02-27 15:02:02] 
INFO [2019-02-27 15:02:02] [[2]]
INFO [2019-02-27 15:02:02] NULL
INFO [2019-02-27 15:02:02] 
INFO [2019-02-27 15:02:02] $fill
INFO [2019-02-27 15:02:02] c("magenta", "blue", "lightblue")
INFO [2019-02-27 15:02:02] 
INFO [2019-02-27 15:02:02] $alpha
INFO [2019-02-27 15:02:02] c(0.5, 0.5, 0.5)
INFO [2019-02-27 15:02:02] 
INFO [2019-02-27 15:02:02] $cex
INFO [2019-02-27 15:02:02] [1] 2
INFO [2019-02-27 15:02:02] 
INFO [2019-02-27 15:02:02] $cat.fontface
INFO [2019-02-27 15:02:02] [1] 4
INFO [2019-02-27 15:02:02] 
INFO [2019-02-27 15:02:02] $category.names
INFO [2019-02-27 15:02:02] c("clr+lasso", "coda-lasso", "selbal")
INFO [2019-02-27 15:02:02] 
INFO [2019-02-27 15:02:02] $main
INFO [2019-02-27 15:02:02] [1] "Concordance of selected taxa for Crohn data"
INFO [2019-02-27 15:02:02] 
